DEBUG - 1
DEBUG - true
DEBUG - true
DEBUG - false
DEBUG - 2
DEBUG - Return snapshot
DEBUG - Take snapshot
DEBUG - Return snapshot
DEBUG - Take snapshot
DEBUG - Return snapshot
DEBUG - Take snapshot
DEBUG - Return snapshot
DEBUG - Take snapshot
DEBUG - Take snapshot
DEBUG - Return snapshot
DEBUG - Take snapshot
DEBUG - 17
DEBUG - false
DEBUG - 1
DEBUG - true
DEBUG - false
DEBUG - 4
DEBUG - Take snapshot
DEBUG - true
DEBUG - false
DEBUG - 4
DEBUG - Return snapshot
DEBUG - Take snapshot
DEBUG - Return snapshot
DEBUG - true
DEBUG - true
DEBUG - Take snapshot
DEBUG - Return snapshot
DEBUG - false
DEBUG - 2
DEBUG - true
DEBUG - false
DEBUG - 6
DEBUG - Take snapshot
DEBUG - true
DEBUG - false
DEBUG - 2
DEBUG - Return snapshot
DEBUG - Take snapshot
DEBUG - false
DEBUG - 1
DEBUG - 1
DEBUG - true
DEBUG - false
DEBUG - 4
DEBUG - 4
DEBUG - false
DEBUG - 6
DEBUG - Take snapshot
DEBUG - Return snapshot
DEBUG - Take snapshot
DEBUG - false
DEBUG - 0
DEBUG - true
DEBUG - true
DEBUG - false
DEBUG - 3
DEBUG - false
DEBUG - 5
DEBUG - false
DEBUG - 6
DEBUG - Take snapshot
DEBUG - false
DEBUG - 3
DEBUG - true
DEBUG - false
DEBUG - 6
DEBUG - Return snapshot
DEBUG - Take snapshot
DEBUG - true
DEBUG - false
DEBUG - 5
DEBUG - false
DEBUG - 6
